<?xml version="1.0" encoding="UTF-8"?>
<testsuite xmlns:xsi="http://www.w3.org/2001/XMLSchema-instance" xsi:noNamespaceSchemaLocation="https://maven.apache.org/surefire/maven-surefire-plugin/xsd/surefire-test-report-3.0.xsd" version="3.0" name="com.yigitkula.stockmanagement.eurekaserver.EurekaServerApplicationTests" time="13.574" tests="1" errors="0" skipped="0" failures="0">
  <properties>
[...]
</properties>
  <testcase name="contextLoads" classname="com.yigitkula.stockmanagement.eurekaserver.EurekaServerApplicationTests" time="1.059">
    <system-out><![CDATA[15:00:04.806 [main] INFO org.springframework.test.context.support.AnnotationConfigContextLoaderUtils -- Could not detect default configuration classes for test class [com.yigitkula.stockmanagement.eurekaserver.EurekaServerApplicationTests]: EurekaServerApplicationTests does not declare any static, non-private, non-final, nested classes annotated with @Configuration.
15:00:04.969 [main] INFO org.springframework.boot.test.context.SpringBootTestContextBootstrapper -- Found @SpringBootConfiguration com.yigitkula.stockmanagement.eurekaserver.EurekaServerApplication for test class com.yigitkula.stockmanagement.eurekaserver.EurekaServerApplicationTests

  .   ____          _            __ _ _
 /\\ / ___'_ __ _ _(_)_ __  __ _ \ \ \ \
( ( )\___ | '_ | '_| | '_ \/ _` | \ \ \ \
 \\/  ___)| |_)| | | | | || (_| |  ) ) ) )
  '  |____| .__|_| |_|_| |_\__, | / / / /
 =========|_|==============|___/=/_/_/_/
 :: Spring Boot ::                (v3.1.4)

2024-02-01T15:00:06.951+03:00  INFO 10576 --- [           main] c.c.c.ConfigServicePropertySourceLocator : Fetching config from server at : http://config-server:8888
2024-02-01T15:00:09.867+03:00  INFO 10576 --- [           main] c.c.c.ConfigServicePropertySourceLocator : Exception on Url - http://config-server:8888:org.springframework.web.client.ResourceAccessException: I/O error on GET request for "http://config-server:8888/eureka-server/stage": config-server. Will be trying the next url if available
2024-02-01T15:00:09.869+03:00  WARN 10576 --- [           main] c.c.c.ConfigServicePropertySourceLocator : Could not locate PropertySource: I/O error on GET request for "http://config-server:8888/eureka-server/stage": config-server
2024-02-01T15:00:09.892+03:00  INFO 10576 --- [           main] c.y.s.e.EurekaServerApplicationTests     : The following 1 profile is active: "stage"
2024-02-01T15:00:11.384+03:00  INFO 10576 --- [           main] o.s.cloud.context.scope.GenericScope     : BeanFactory id=a49e599b-7685-305b-a09e-f2db939176a4
2024-02-01T15:00:14.724+03:00  WARN 10576 --- [           main] iguration$LoadBalancerCaffeineWarnLogger : Spring Cloud LoadBalancer is currently working with the default cache. While this cache implementation is useful for development and tests, it's recommended to use Caffeine cache in production.You can switch to using Caffeine cache, by adding it and org.springframework.cache.caffeine.CaffeineCacheManager to the classpath.
2024-02-01T15:00:15.646+03:00  INFO 10576 --- [           main] o.s.c.n.eureka.InstanceInfoFactory       : Setting initial instance status as: STARTING
2024-02-01T15:00:15.707+03:00  INFO 10576 --- [           main] com.netflix.discovery.DiscoveryClient    : Initializing Eureka in region us-east-1
2024-02-01T15:00:15.710+03:00  INFO 10576 --- [           main] com.netflix.discovery.DiscoveryClient    : Client configured to neither register nor query for data.
2024-02-01T15:00:15.720+03:00  INFO 10576 --- [           main] com.netflix.discovery.DiscoveryClient    : Discovery Client initialized at timestamp 1706788815719 with initial instances count: 0
2024-02-01T15:00:15.795+03:00  INFO 10576 --- [           main] c.n.eureka.DefaultEurekaServerContext    : Initializing ...
2024-02-01T15:00:15.799+03:00  INFO 10576 --- [           main] c.n.eureka.cluster.PeerEurekaNodes       : Adding new peer nodes [http://localhost:8761/eureka/]
2024-02-01T15:00:16.258+03:00  INFO 10576 --- [           main] c.n.d.provider.DiscoveryJerseyProvider   : Using JSON encoding codec LegacyJacksonJson
2024-02-01T15:00:16.258+03:00  INFO 10576 --- [           main] c.n.d.provider.DiscoveryJerseyProvider   : Using JSON decoding codec LegacyJacksonJson
2024-02-01T15:00:16.258+03:00  INFO 10576 --- [           main] c.n.d.provider.DiscoveryJerseyProvider   : Using XML encoding codec XStreamXml
2024-02-01T15:00:16.259+03:00  INFO 10576 --- [           main] c.n.d.provider.DiscoveryJerseyProvider   : Using XML decoding codec XStreamXml
2024-02-01T15:00:16.440+03:00  INFO 10576 --- [           main] c.n.eureka.cluster.PeerEurekaNodes       : Replica node URL:  http://localhost:8761/eureka/
2024-02-01T15:00:16.448+03:00  INFO 10576 --- [           main] c.n.e.registry.AbstractInstanceRegistry  : Finished initializing remote region registries. All known remote regions: []
2024-02-01T15:00:16.449+03:00  INFO 10576 --- [           main] c.n.eureka.DefaultEurekaServerContext    : Initialized
2024-02-01T15:00:16.691+03:00  INFO 10576 --- [           main] o.s.b.a.e.web.EndpointLinksResolver      : Exposing 1 endpoint(s) beneath base path '/actuator'
2024-02-01T15:00:16.879+03:00  INFO 10576 --- [           main] o.s.c.n.e.s.EurekaServiceRegistry        : Registering application EUREKA-SERVER with eureka with status UP
2024-02-01T15:00:16.927+03:00  INFO 10576 --- [           main] c.y.s.e.EurekaServerApplicationTests     : Started EurekaServerApplicationTests in 11.732 seconds (process running for 13.49)
2024-02-01T15:00:16.968+03:00  INFO 10576 --- [      Thread-11] o.s.c.n.e.server.EurekaServerBootstrap   : isAws returned false
2024-02-01T15:00:16.970+03:00  INFO 10576 --- [      Thread-11] o.s.c.n.e.server.EurekaServerBootstrap   : Initialized server context
2024-02-01T15:00:16.971+03:00  INFO 10576 --- [      Thread-11] c.n.e.r.PeerAwareInstanceRegistryImpl    : Got 1 instances from neighboring DS node
2024-02-01T15:00:16.971+03:00  INFO 10576 --- [      Thread-11] c.n.e.r.PeerAwareInstanceRegistryImpl    : Renew threshold is: 1
2024-02-01T15:00:16.972+03:00  INFO 10576 --- [      Thread-11] c.n.e.r.PeerAwareInstanceRegistryImpl    : Changing status to UP
2024-02-01T15:00:17.018+03:00  INFO 10576 --- [      Thread-11] e.s.EurekaServerInitializerConfiguration : Started Eureka Server
]]></system-out>
  </testcase>
</testsuite>